This file contains any messages produced by compilers while
running configure, to aid debugging if configure makes a mistake.

It was created by configure, which was
generated by GNU Autoconf 2.69.  Invocation command line was

  $ ./configure 

## --------- ##
## Platform. ##
## --------- ##

hostname = diego-Inspiron-15-7000-Gaming
uname -m = x86_64
uname -r = 4.15.0-58-generic
uname -s = Linux
uname -v = #64-Ubuntu SMP Tue Aug 6 11:12:41 UTC 2019

/usr/bin/uname -p = unknown
/bin/uname -X     = unknown

/bin/arch              = unknown
/usr/bin/arch -k       = unknown
/usr/convex/getsysinfo = unknown
/usr/bin/hostinfo      = unknown
/bin/machine           = unknown
/usr/bin/oslevel       = unknown
/bin/universe          = unknown

PATH: /home/diego/.config/composer/vendor/bin
PATH: /home/diego/.local/bin
PATH: /usr/local/sbin
PATH: /usr/local/bin
PATH: /usr/sbin
PATH: /usr/bin
PATH: /sbin
PATH: /bin
PATH: /usr/games
PATH: /usr/local/games


## ----------- ##
## Core tests. ##
## ----------- ##

configure:2186: checking for grep that handles long lines and -e
configure:2244: result: /bin/grep
configure:2249: checking for egrep
configure:2311: result: /bin/grep -E
configure:2316: checking for a sed that does not truncate output
configure:2380: result: /bin/sed
configure:2519: checking for cc
configure:2535: found /usr/bin/cc
configure:2546: result: cc
configure:2577: checking for C compiler version
configure:2586: cc --version >&5
cc (Ubuntu 7.4.0-1ubuntu1~18.04.1) 7.4.0
Copyright (C) 2017 Free Software Foundation, Inc.
This is free software; see the source for copying conditions.  There is NO
warranty; not even for MERCHANTABILITY or FITNESS FOR A PARTICULAR PURPOSE.

configure:2597: $? = 0
configure:2586: cc -v >&5
Using built-in specs.
COLLECT_GCC=cc
COLLECT_LTO_WRAPPER=/usr/lib/gcc/x86_64-linux-gnu/7/lto-wrapper
OFFLOAD_TARGET_NAMES=nvptx-none
OFFLOAD_TARGET_DEFAULT=1
Target: x86_64-linux-gnu
Configured with: ../src/configure -v --with-pkgversion='Ubuntu 7.4.0-1ubuntu1~18.04.1' --with-bugurl=file:///usr/share/doc/gcc-7/README.Bugs --enable-languages=c,ada,c++,go,brig,d,fortran,objc,obj-c++ --prefix=/usr --with-gcc-major-version-only --program-suffix=-7 --program-prefix=x86_64-linux-gnu- --enable-shared --enable-linker-build-id --libexecdir=/usr/lib --without-included-gettext --enable-threads=posix --libdir=/usr/lib --enable-nls --with-sysroot=/ --enable-clocale=gnu --enable-libstdcxx-debug --enable-libstdcxx-time=yes --with-default-libstdcxx-abi=new --enable-gnu-unique-object --disable-vtable-verify --enable-libmpx --enable-plugin --enable-default-pie --with-system-zlib --with-target-system-zlib --enable-objc-gc=auto --enable-multiarch --disable-werror --with-arch-32=i686 --with-abi=m64 --with-multilib-list=m32,m64,mx32 --enable-multilib --with-tune=generic --enable-offload-targets=nvptx-none --without-cuda-driver --enable-checking=release --build=x86_64-linux-gnu --host=x86_64-linux-gnu --target=x86_64-linux-gnu
Thread model: posix
gcc version 7.4.0 (Ubuntu 7.4.0-1ubuntu1~18.04.1) 
configure:2597: $? = 0
configure:2586: cc -V >&5
cc: error: unrecognized command line option '-V'
cc: fatal error: no input files
compilation terminated.
configure:2597: $? = 1
configure:2586: cc -qversion >&5
cc: error: unrecognized command line option '-qversion'; did you mean '--version'?
cc: fatal error: no input files
compilation terminated.
configure:2597: $? = 1
configure:2617: checking whether the C compiler works
configure:2639: cc    conftest.c  >&5
configure:2643: $? = 0
configure:2691: result: yes
configure:2694: checking for C compiler default output file name
configure:2696: result: a.out
configure:2702: checking for suffix of executables
configure:2709: cc -o conftest    conftest.c  >&5
configure:2713: $? = 0
configure:2735: result: 
configure:2757: checking whether we are cross compiling
configure:2765: cc -o conftest    conftest.c  >&5
configure:2769: $? = 0
configure:2776: ./conftest
configure:2780: $? = 0
configure:2795: result: no
configure:2800: checking for suffix of object files
configure:2822: cc -c   conftest.c >&5
configure:2826: $? = 0
configure:2847: result: o
configure:2851: checking whether we are using the GNU C compiler
configure:2870: cc -c   conftest.c >&5
configure:2870: $? = 0
configure:2879: result: yes
configure:2888: checking whether cc accepts -g
configure:2908: cc -c -g  conftest.c >&5
configure:2908: $? = 0
configure:2949: result: yes
configure:2966: checking for cc option to accept ISO C89
configure:3029: cc  -c -g -O2  conftest.c >&5
configure:3029: $? = 0
configure:3042: result: none needed
configure:3068: checking how to run the C preprocessor
configure:3099: cc -E  conftest.c
configure:3099: $? = 0
configure:3113: cc -E  conftest.c
conftest.c:9:10: fatal error: ac_nonexistent.h: No such file or directory
 #include <ac_nonexistent.h>
          ^~~~~~~~~~~~~~~~~~
compilation terminated.
configure:3113: $? = 1
configure: failed program was:
| /* confdefs.h */
| #define PACKAGE_NAME ""
| #define PACKAGE_TARNAME ""
| #define PACKAGE_VERSION ""
| #define PACKAGE_STRING ""
| #define PACKAGE_BUGREPORT ""
| #define PACKAGE_URL ""
| /* end confdefs.h.  */
| #include <ac_nonexistent.h>
configure:3138: result: cc -E
configure:3158: cc -E  conftest.c
configure:3158: $? = 0
configure:3172: cc -E  conftest.c
conftest.c:9:10: fatal error: ac_nonexistent.h: No such file or directory
 #include <ac_nonexistent.h>
          ^~~~~~~~~~~~~~~~~~
compilation terminated.
configure:3172: $? = 1
configure: failed program was:
| /* confdefs.h */
| #define PACKAGE_NAME ""
| #define PACKAGE_TARNAME ""
| #define PACKAGE_VERSION ""
| #define PACKAGE_STRING ""
| #define PACKAGE_BUGREPORT ""
| #define PACKAGE_URL ""
| /* end confdefs.h.  */
| #include <ac_nonexistent.h>
configure:3203: checking for icc
configure:3212: result: no
configure:3226: checking for suncc
configure:3235: result: no
configure:3253: checking whether cc understands -c and -o together
configure:3281: cc -c conftest.c -o conftest2.o >&5
configure:3285: $? = 0
configure:3291: cc -c conftest.c -o conftest2.o >&5
configure:3295: $? = 0
configure:3350: result: yes
configure:3364: checking for system library directory
configure:3379: result: lib
configure:3386: checking if compiler supports -R
configure:3405: cc -o conftest -g -O2   conftest.c -R /usr/lib  >&5
cc: error: unrecognized command line option '-R'
configure:3405: $? = 1
configure: failed program was:
| /* confdefs.h */
| #define PACKAGE_NAME ""
| #define PACKAGE_TARNAME ""
| #define PACKAGE_VERSION ""
| #define PACKAGE_STRING ""
| #define PACKAGE_BUGREPORT ""
| #define PACKAGE_URL ""
| /* end confdefs.h.  */
| 
| int
| main ()
| {
| 
|   ;
|   return 0;
| }
configure:3415: result: no
configure:3420: checking if compiler supports -Wl,-rpath,
configure:3439: cc -o conftest -g -O2   conftest.c -Wl,-rpath,/usr/lib  >&5
configure:3439: $? = 0
configure:3449: result: yes
configure:3494: checking build system type
configure:3508: result: x86_64-pc-linux-gnu
configure:3528: checking host system type
configure:3541: result: x86_64-pc-linux-gnu
configure:3561: checking target system type
configure:3574: result: x86_64-pc-linux-gnu
configure:3677: checking for PHP prefix
configure:3679: result: /usr
configure:3681: checking for PHP includes
configure:3683: result: -I/usr/include/php/20170718 -I/usr/include/php/20170718/main -I/usr/include/php/20170718/TSRM -I/usr/include/php/20170718/Zend -I/usr/include/php/20170718/ext -I/usr/include/php/20170718/ext/date/lib
configure:3685: checking for PHP extension directory
configure:3687: result: /usr/lib/php/20170718
configure:3689: checking for PHP installed headers prefix
configure:3691: result: /usr/include/php/20170718
configure:3694: checking if debug is enabled
configure:3720: result: no
configure:3723: checking if zts is enabled
configure:3749: result: no
configure:3820: checking for re2c
configure:3850: result: no
configure:3875: WARNING: You will need re2c 0.13.4 or later if you want to regenerate PHP parsers.
configure:3889: checking for gawk
configure:3906: found /usr/bin/gawk
configure:3917: result: gawk
configure:3961: checking whether to enable Xdebug support
configure:4000: result: yes, shared
configure:4009: checking whether to enable Xdebug developer build flags
configure:4023: result: no
configure:4031: checking Check for supported PHP versions
configure:4041: result: supported (7.2.19-0ubuntu0.18.04.2)
configure:4055: checking for gettimeofday
configure:4055: cc -o conftest -g -O2 -I/usr/include/php/20170718 -I/usr/include/php/20170718/main -I/usr/include/php/20170718/TSRM -I/usr/include/php/20170718/Zend -I/usr/include/php/20170718/ext -I/usr/include/php/20170718/ext/date/lib   conftest.c  >&5
configure:4055: $? = 0
configure:4055: result: yes
configure:4064: checking for ANSI C header files
configure:4084: cc -c -g -O2 -I/usr/include/php/20170718 -I/usr/include/php/20170718/main -I/usr/include/php/20170718/TSRM -I/usr/include/php/20170718/Zend -I/usr/include/php/20170718/ext -I/usr/include/php/20170718/ext/date/lib  conftest.c >&5
configure:4084: $? = 0
configure:4157: cc -o conftest -g -O2 -I/usr/include/php/20170718 -I/usr/include/php/20170718/main -I/usr/include/php/20170718/TSRM -I/usr/include/php/20170718/Zend -I/usr/include/php/20170718/ext -I/usr/include/php/20170718/ext/date/lib   conftest.c  >&5
configure:4157: $? = 0
configure:4157: ./conftest
configure:4157: $? = 0
configure:4168: result: yes
configure:4181: checking for sys/types.h
configure:4181: cc -c -g -O2 -I/usr/include/php/20170718 -I/usr/include/php/20170718/main -I/usr/include/php/20170718/TSRM -I/usr/include/php/20170718/Zend -I/usr/include/php/20170718/ext -I/usr/include/php/20170718/ext/date/lib  conftest.c >&5
configure:4181: $? = 0
configure:4181: result: yes
configure:4181: checking for sys/stat.h
configure:4181: cc -c -g -O2 -I/usr/include/php/20170718 -I/usr/include/php/20170718/main -I/usr/include/php/20170718/TSRM -I/usr/include/php/20170718/Zend -I/usr/include/php/20170718/ext -I/usr/include/php/20170718/ext/date/lib  conftest.c >&5
configure:4181: $? = 0
configure:4181: result: yes
configure:4181: checking for stdlib.h
configure:4181: cc -c -g -O2 -I/usr/include/php/20170718 -I/usr/include/php/20170718/main -I/usr/include/php/20170718/TSRM -I/usr/include/php/20170718/Zend -I/usr/include/php/20170718/ext -I/usr/include/php/20170718/ext/date/lib  conftest.c >&5
configure:4181: $? = 0
configure:4181: result: yes
configure:4181: checking for string.h
configure:4181: cc -c -g -O2 -I/usr/include/php/20170718 -I/usr/include/php/20170718/main -I/usr/include/php/20170718/TSRM -I/usr/include/php/20170718/Zend -I/usr/include/php/20170718/ext -I/usr/include/php/20170718/ext/date/lib  conftest.c >&5
configure:4181: $? = 0
configure:4181: result: yes
configure:4181: checking for memory.h
configure:4181: cc -c -g -O2 -I/usr/include/php/20170718 -I/usr/include/php/20170718/main -I/usr/include/php/20170718/TSRM -I/usr/include/php/20170718/Zend -I/usr/include/php/20170718/ext -I/usr/include/php/20170718/ext/date/lib  conftest.c >&5
configure:4181: $? = 0
configure:4181: result: yes
configure:4181: checking for strings.h
configure:4181: cc -c -g -O2 -I/usr/include/php/20170718 -I/usr/include/php/20170718/main -I/usr/include/php/20170718/TSRM -I/usr/include/php/20170718/Zend -I/usr/include/php/20170718/ext -I/usr/include/php/20170718/ext/date/lib  conftest.c >&5
configure:4181: $? = 0
configure:4181: result: yes
configure:4181: checking for inttypes.h
configure:4181: cc -c -g -O2 -I/usr/include/php/20170718 -I/usr/include/php/20170718/main -I/usr/include/php/20170718/TSRM -I/usr/include/php/20170718/Zend -I/usr/include/php/20170718/ext -I/usr/include/php/20170718/ext/date/lib  conftest.c >&5
configure:4181: $? = 0
configure:4181: result: yes
configure:4181: checking for stdint.h
configure:4181: cc -c -g -O2 -I/usr/include/php/20170718 -I/usr/include/php/20170718/main -I/usr/include/php/20170718/TSRM -I/usr/include/php/20170718/Zend -I/usr/include/php/20170718/ext -I/usr/include/php/20170718/ext/date/lib  conftest.c >&5
configure:4181: $? = 0
configure:4181: result: yes
configure:4181: checking for unistd.h
configure:4181: cc -c -g -O2 -I/usr/include/php/20170718 -I/usr/include/php/20170718/main -I/usr/include/php/20170718/TSRM -I/usr/include/php/20170718/Zend -I/usr/include/php/20170718/ext -I/usr/include/php/20170718/ext/date/lib  conftest.c >&5
configure:4181: $? = 0
configure:4181: result: yes
configure:4196: checking netinet/in.h usability
configure:4196: cc -c -g -O2 -I/usr/include/php/20170718 -I/usr/include/php/20170718/main -I/usr/include/php/20170718/TSRM -I/usr/include/php/20170718/Zend -I/usr/include/php/20170718/ext -I/usr/include/php/20170718/ext/date/lib  conftest.c >&5
configure:4196: $? = 0
configure:4196: result: yes
configure:4196: checking netinet/in.h presence
configure:4196: cc -E -I/usr/include/php/20170718 -I/usr/include/php/20170718/main -I/usr/include/php/20170718/TSRM -I/usr/include/php/20170718/Zend -I/usr/include/php/20170718/ext -I/usr/include/php/20170718/ext/date/lib  conftest.c
configure:4196: $? = 0
configure:4196: result: yes
configure:4196: checking for netinet/in.h
configure:4196: result: yes
configure:4196: checking poll.h usability
configure:4196: cc -c -g -O2 -I/usr/include/php/20170718 -I/usr/include/php/20170718/main -I/usr/include/php/20170718/TSRM -I/usr/include/php/20170718/Zend -I/usr/include/php/20170718/ext -I/usr/include/php/20170718/ext/date/lib  conftest.c >&5
configure:4196: $? = 0
configure:4196: result: yes
configure:4196: checking poll.h presence
configure:4196: cc -E -I/usr/include/php/20170718 -I/usr/include/php/20170718/main -I/usr/include/php/20170718/TSRM -I/usr/include/php/20170718/Zend -I/usr/include/php/20170718/ext -I/usr/include/php/20170718/ext/date/lib  conftest.c
configure:4196: $? = 0
configure:4196: result: yes
configure:4196: checking for poll.h
configure:4196: result: yes
configure:4196: checking sys/poll.h usability
configure:4196: cc -c -g -O2 -I/usr/include/php/20170718 -I/usr/include/php/20170718/main -I/usr/include/php/20170718/TSRM -I/usr/include/php/20170718/Zend -I/usr/include/php/20170718/ext -I/usr/include/php/20170718/ext/date/lib  conftest.c >&5
configure:4196: $? = 0
configure:4196: result: yes
configure:4196: checking sys/poll.h presence
configure:4196: cc -E -I/usr/include/php/20170718 -I/usr/include/php/20170718/main -I/usr/include/php/20170718/TSRM -I/usr/include/php/20170718/Zend -I/usr/include/php/20170718/ext -I/usr/include/php/20170718/ext/date/lib  conftest.c
configure:4196: $? = 0
configure:4196: result: yes
configure:4196: checking for sys/poll.h
configure:4196: result: yes
configure:4304: checking for cos in -lm
configure:4329: cc -o conftest -g -O2 -I/usr/include/php/20170718 -I/usr/include/php/20170718/main -I/usr/include/php/20170718/TSRM -I/usr/include/php/20170718/Zend -I/usr/include/php/20170718/ext -I/usr/include/php/20170718/ext/date/lib   conftest.c -lm   >&5
conftest.c:31:6: warning: conflicting types for built-in function 'cos' [-Wbuiltin-declaration-mismatch]
 char cos ();
      ^~~
configure:4329: $? = 0
configure:4338: result: yes
configure:5708: checking how to print strings
configure:5735: result: printf
configure:5756: checking for a sed that does not truncate output
configure:5820: result: /bin/sed
configure:5838: checking for fgrep
configure:5900: result: /bin/grep -F
configure:5935: checking for ld used by cc
configure:6002: result: /usr/bin/ld
configure:6009: checking if the linker (/usr/bin/ld) is GNU ld
configure:6024: result: yes
configure:6036: checking for BSD- or MS-compatible name lister (nm)
configure:6090: result: /usr/bin/nm -B
configure:6220: checking the name lister (/usr/bin/nm -B) interface
configure:6227: cc -c -g -O2  conftest.c >&5
configure:6230: /usr/bin/nm -B "conftest.o"
configure:6233: output
0000000000000000 B some_variable
configure:6240: result: BSD nm
configure:6243: checking whether ln -s works
configure:6247: result: yes
configure:6255: checking the maximum length of command line arguments
configure:6386: result: 1572864
configure:6434: checking how to convert x86_64-pc-linux-gnu file names to x86_64-pc-linux-gnu format
configure:6474: result: func_convert_file_noop
configure:6481: checking how to convert x86_64-pc-linux-gnu file names to toolchain format
configure:6501: result: func_convert_file_noop
configure:6508: checking for /usr/bin/ld option to reload object files
configure:6515: result: -r
configure:6589: checking for objdump
configure:6605: found /usr/bin/objdump
configure:6616: result: objdump
configure:6648: checking how to recognize dependent libraries
configure:6848: result: pass_all
configure:6933: checking for dlltool
configure:6963: result: no
configure:6993: checking how to associate runtime and link libraries
configure:7020: result: printf %s\n
configure:7080: checking for ar
configure:7096: found /usr/bin/ar
configure:7107: result: ar
configure:7144: checking for archiver @FILE support
configure:7161: cc -c -g -O2  conftest.c >&5
configure:7161: $? = 0
configure:7164: ar cru libconftest.a @conftest.lst >&5
ar: `u' modifier ignored since `D' is the default (see `U')
configure:7167: $? = 0
configure:7172: ar cru libconftest.a @conftest.lst >&5
ar: `u' modifier ignored since `D' is the default (see `U')
ar: conftest.o: No such file or directory
configure:7175: $? = 1
configure:7187: result: @
configure:7245: checking for strip
configure:7261: found /usr/bin/strip
configure:7272: result: strip
configure:7344: checking for ranlib
configure:7360: found /usr/bin/ranlib
configure:7371: result: ranlib
configure:7448: checking for gawk
configure:7475: result: gawk
configure:7515: checking command to parse /usr/bin/nm -B output from cc object
configure:7668: cc -c -g -O2  conftest.c >&5
configure:7671: $? = 0
configure:7675: /usr/bin/nm -B conftest.o \| sed -n -e 's/^.*[ ]\([ABCDGIRSTW][ABCDGIRSTW]*\)[ ][ ]*\([_A-Za-z][_A-Za-z0-9]*\)$/\1 \2 \2/p' | sed '/ __gnu_lto/d' \> conftest.nm
configure:7678: $? = 0
configure:7744: cc -o conftest -g -O2   conftest.c conftstm.o >&5
configure:7747: $? = 0
configure:7785: result: ok
configure:7832: checking for sysroot
configure:7862: result: no
configure:7869: checking for a working dd
configure:7907: result: /bin/dd
configure:7911: checking how to truncate binary pipes
configure:7926: result: /bin/dd bs=4096 count=1
configure:8062: cc -c -g -O2  conftest.c >&5
configure:8065: $? = 0
configure:8255: checking for mt
configure:8271: found /bin/mt
configure:8282: result: mt
configure:8305: checking if mt is a manifest tool
configure:8311: mt '-?'
configure:8319: result: no
configure:8993: checking for dlfcn.h
configure:8993: cc -c -g -O2  conftest.c >&5
configure:8993: $? = 0
configure:8993: result: yes
configure:9249: checking for objdir
configure:9264: result: .libs
configure:9528: checking if cc supports -fno-rtti -fno-exceptions
configure:9546: cc -c -g -O2  -fno-rtti -fno-exceptions conftest.c >&5
cc1: warning: command line option '-fno-rtti' is valid for C++/ObjC++ but not for C
configure:9550: $? = 0
configure:9563: result: no
configure:9921: checking for cc option to produce PIC
configure:9928: result: -fPIC -DPIC
configure:9936: checking if cc PIC flag -fPIC -DPIC works
configure:9954: cc -c -g -O2  -fPIC -DPIC -DPIC conftest.c >&5
configure:9958: $? = 0
configure:9971: result: yes
configure:10000: checking if cc static flag -static works
configure:10028: result: yes
configure:10043: checking if cc supports -c -o file.o
configure:10064: cc -c -g -O2  -o out/conftest2.o conftest.c >&5
configure:10068: $? = 0
configure:10090: result: yes
configure:10098: checking if cc supports -c -o file.o
configure:10145: result: yes
configure:10178: checking whether the cc linker (/usr/bin/ld -m elf_x86_64) supports shared libraries
configure:11441: result: yes
configure:11478: checking whether -lc should be explicitly linked in
configure:11486: cc -c -g -O2  conftest.c >&5
configure:11489: $? = 0
configure:11504: cc -shared  -fPIC -DPIC conftest.o  -v -Wl,-soname -Wl,conftest -o conftest 2\>\&1 \| /bin/grep  -lc  \>/dev/null 2\>\&1
configure:11507: $? = 0
configure:11521: result: no
configure:11681: checking dynamic linker characteristics
configure:12262: cc -o conftest -g -O2   -Wl,-rpath -Wl,/foo conftest.c  >&5
configure:12262: $? = 0
configure:12511: result: GNU/Linux ld.so
configure:12633: checking how to hardcode library paths into programs
configure:12658: result: immediate
configure:13206: checking whether stripping libraries is possible
configure:13211: result: yes
configure:13246: checking if libtool supports shared libraries
configure:13248: result: yes
configure:13251: checking whether to build shared libraries
configure:13276: result: yes
configure:13279: checking whether to build static libraries
configure:13283: result: no
configure:13558: creating ./config.status

## ---------------------- ##
## Running config.status. ##
## ---------------------- ##

This file was extended by config.status, which was
generated by GNU Autoconf 2.69.  Invocation command line was

  CONFIG_FILES    = 
  CONFIG_HEADERS  = 
  CONFIG_LINKS    = 
  CONFIG_COMMANDS = 
  $ ./config.status 

on diego-Inspiron-15-7000-Gaming

config.status:893: creating config.h
config.status:997: executing libtool commands

## ---------------- ##
## Cache variables. ##
## ---------------- ##

ac_cv_build=x86_64-pc-linux-gnu
ac_cv_c_compiler_gnu=yes
ac_cv_env_CC_set=
ac_cv_env_CC_value=
ac_cv_env_CFLAGS_set=
ac_cv_env_CFLAGS_value=
ac_cv_env_CPPFLAGS_set=
ac_cv_env_CPPFLAGS_value=
ac_cv_env_CPP_set=
ac_cv_env_CPP_value=
ac_cv_env_LDFLAGS_set=
ac_cv_env_LDFLAGS_value=
ac_cv_env_LIBS_set=
ac_cv_env_LIBS_value=
ac_cv_env_LT_SYS_LIBRARY_PATH_set=
ac_cv_env_LT_SYS_LIBRARY_PATH_value=
ac_cv_env_build_alias_set=
ac_cv_env_build_alias_value=
ac_cv_env_host_alias_set=
ac_cv_env_host_alias_value=
ac_cv_env_target_alias_set=
ac_cv_env_target_alias_value=
ac_cv_func_gettimeofday=yes
ac_cv_header_dlfcn_h=yes
ac_cv_header_inttypes_h=yes
ac_cv_header_memory_h=yes
ac_cv_header_netinet_in_h=yes
ac_cv_header_poll_h=yes
ac_cv_header_stdc=yes
ac_cv_header_stdint_h=yes
ac_cv_header_stdlib_h=yes
ac_cv_header_string_h=yes
ac_cv_header_strings_h=yes
ac_cv_header_sys_poll_h=yes
ac_cv_header_sys_stat_h=yes
ac_cv_header_sys_types_h=yes
ac_cv_header_unistd_h=yes
ac_cv_host=x86_64-pc-linux-gnu
ac_cv_lib_m_cos=yes
ac_cv_objext=o
ac_cv_path_EGREP='/bin/grep -E'
ac_cv_path_FGREP='/bin/grep -F'
ac_cv_path_GREP=/bin/grep
ac_cv_path_SED=/bin/sed
ac_cv_path_lt_DD=/bin/dd
ac_cv_prog_AWK=gawk
ac_cv_prog_CPP='cc -E'
ac_cv_prog_ac_ct_AR=ar
ac_cv_prog_ac_ct_CC=cc
ac_cv_prog_ac_ct_MANIFEST_TOOL=mt
ac_cv_prog_ac_ct_OBJDUMP=objdump
ac_cv_prog_ac_ct_RANLIB=ranlib
ac_cv_prog_ac_ct_STRIP=strip
ac_cv_prog_cc_c89=
ac_cv_prog_cc_cc_c_o=yes
ac_cv_prog_cc_g=yes
ac_cv_target=x86_64-pc-linux-gnu
lt_cv_ar_at_file=@
lt_cv_archive_cmds_need_lc=no
lt_cv_deplibs_check_method=pass_all
lt_cv_file_magic_cmd='$MAGIC_CMD'
lt_cv_file_magic_test_file=
lt_cv_ld_reload_flag=-r
lt_cv_nm_interface='BSD nm'
lt_cv_objdir=.libs
lt_cv_path_LD=/usr/bin/ld
lt_cv_path_NM='/usr/bin/nm -B'
lt_cv_path_mainfest_tool=no
lt_cv_prog_compiler_c_o=yes
lt_cv_prog_compiler_pic='-fPIC -DPIC'
lt_cv_prog_compiler_pic_works=yes
lt_cv_prog_compiler_rtti_exceptions=no
lt_cv_prog_compiler_static_works=yes
lt_cv_prog_gnu_ld=yes
lt_cv_sharedlib_from_linklib_cmd='printf %s\n'
lt_cv_shlibpath_overrides_runpath=yes
lt_cv_sys_global_symbol_pipe='sed -n -e '\''s/^.*[	 ]\([ABCDGIRSTW][ABCDGIRSTW]*\)[	 ][	 ]*\([_A-Za-z][_A-Za-z0-9]*\)$/\1 \2 \2/p'\'' | sed '\''/ __gnu_lto/d'\'''
lt_cv_sys_global_symbol_to_c_name_address='sed -n -e '\''s/^: \(.*\) .*$/  {"\1", (void *) 0},/p'\'' -e '\''s/^[ABCDGIRSTW][ABCDGIRSTW]* .* \(.*\)$/  {"\1", (void *) \&\1},/p'\'''
lt_cv_sys_global_symbol_to_c_name_address_lib_prefix='sed -n -e '\''s/^: \(.*\) .*$/  {"\1", (void *) 0},/p'\'' -e '\''s/^[ABCDGIRSTW][ABCDGIRSTW]* .* \(lib.*\)$/  {"\1", (void *) \&\1},/p'\'' -e '\''s/^[ABCDGIRSTW][ABCDGIRSTW]* .* \(.*\)$/  {"lib\1", (void *) \&\1},/p'\'''
lt_cv_sys_global_symbol_to_cdecl='sed -n -e '\''s/^T .* \(.*\)$/extern int \1();/p'\'' -e '\''s/^[ABCDGIRSTW][ABCDGIRSTW]* .* \(.*\)$/extern char \1;/p'\'''
lt_cv_sys_global_symbol_to_import=
lt_cv_sys_max_cmd_len=1572864
lt_cv_to_host_file_cmd=func_convert_file_noop
lt_cv_to_tool_file_cmd=func_convert_file_noop
lt_cv_truncate_bin='/bin/dd bs=4096 count=1'
php_cv_cc_dashr=no
php_cv_cc_rpath=yes

## ----------------- ##
## Output variables. ##
## ----------------- ##

AR='ar'
AWK='gawk'
CC='cc'
CFLAGS='-g -O2'
CONFIGURE_COMMAND=' '\''./configure'\'' '
CONFIGURE_OPTIONS=''
CPP='cc -E'
CPPFLAGS=' -DHAVE_CONFIG_H'
DEFS='-DHAVE_CONFIG_H'
DLLTOOL='false'
DSYMUTIL=''
DUMPBIN=''
ECHO_C=''
ECHO_N='-n'
ECHO_T=''
EGREP='/bin/grep -E'
EXEEXT=''
FGREP='/bin/grep -F'
GREP='/bin/grep'
LD='/usr/bin/ld -m elf_x86_64'
LDFLAGS=''
LIBOBJS=''
LIBS=''
LIBTOOL='$(SHELL) $(top_builddir)/libtool'
LIPO=''
LN_S='ln -s'
LTLIBOBJS=''
LT_SYS_LIBRARY_PATH=''
MANIFEST_TOOL=':'
NM='/usr/bin/nm -B'
NMEDIT=''
OBJDUMP='objdump'
OBJEXT='o'
OTOOL64=''
OTOOL=''
PACKAGE_BUGREPORT=''
PACKAGE_NAME=''
PACKAGE_STRING=''
PACKAGE_TARNAME=''
PACKAGE_URL=''
PACKAGE_VERSION=''
PATH_SEPARATOR=':'
RANLIB='ranlib'
RE2C='exit 0;'
SED='/bin/sed'
SHELL='/bin/bash'
SHLIB_DL_SUFFIX_NAME='so'
SHLIB_SUFFIX_NAME='so'
STRIP='strip'
ac_ct_AR='ar'
ac_ct_CC='cc'
ac_ct_DUMPBIN=''
bindir='${exec_prefix}/bin'
build='x86_64-pc-linux-gnu'
build_alias=''
build_cpu='x86_64'
build_os='linux-gnu'
build_vendor='pc'
datadir='${datarootdir}'
datarootdir='${prefix}/share'
docdir='${datarootdir}/doc/${PACKAGE}'
dvidir='${docdir}'
exec_prefix='$(prefix)'
host='x86_64-pc-linux-gnu'
host_alias='x86_64-pc-linux-gnu'
host_cpu='x86_64'
host_os='linux-gnu'
host_vendor='pc'
htmldir='${docdir}'
includedir='${prefix}/include'
infodir='${datarootdir}/info'
libdir='${exec_prefix}/lib'
libexecdir='${exec_prefix}/libexec'
localedir='${datarootdir}/locale'
localstatedir='${prefix}/var'
mandir='${datarootdir}/man'
oldincludedir='/usr/include'
pdfdir='${docdir}'
prefix='/usr'
program_transform_name='s,x,x,'
psdir='${docdir}'
runstatedir='${localstatedir}/run'
sbindir='${exec_prefix}/sbin'
sharedstatedir='${prefix}/com'
sysconfdir='${prefix}/etc'
target='x86_64-pc-linux-gnu'
target_alias=''
target_cpu='x86_64'
target_os='linux-gnu'
target_vendor='pc'

## ----------- ##
## confdefs.h. ##
## ----------- ##

/* confdefs.h */
#define PACKAGE_NAME ""
#define PACKAGE_TARNAME ""
#define PACKAGE_VERSION ""
#define PACKAGE_STRING ""
#define PACKAGE_BUGREPORT ""
#define PACKAGE_URL ""
#define HAVE_XDEBUG 1
#define HAVE_GETTIMEOFDAY 1
#define STDC_HEADERS 1
#define HAVE_SYS_TYPES_H 1
#define HAVE_SYS_STAT_H 1
#define HAVE_STDLIB_H 1
#define HAVE_STRING_H 1
#define HAVE_MEMORY_H 1
#define HAVE_STRINGS_H 1
#define HAVE_INTTYPES_H 1
#define HAVE_STDINT_H 1
#define HAVE_UNISTD_H 1
#define HAVE_NETINET_IN_H 1
#define HAVE_POLL_H 1
#define HAVE_SYS_POLL_H 1
#define COMPILE_DL_XDEBUG 1
#define HAVE_DLFCN_H 1
#define LT_OBJDIR ".libs/"

configure: exit 0
